<?xml version="1.0" encoding="UTF-8"?>
<!-- Generated by org.testng.reporters.JUnitXMLReporter -->
<testsuite ignored="0" hostname="Sasidharans-MacBook-Pro.local" failures="0" tests="2" name="firefoxTest" time="0.941" errors="0" timestamp="2024-03-11T19:12:13 IST">
  <testcase classname="testCases.Tc_001_AccountRegistrationTest" name="test_account_registration" time="0.0">
    <skipped/>
  </testcase> <!-- test_account_registration -->
  <testcase classname="testCases.Tc_002_LoginTest" name="verify_LoginTest" time="0.0">
    <skipped/>
  </testcase> <!-- verify_LoginTest -->
</testsuite> <!-- firefoxTest -->
