<?xml version="1.0" encoding="UTF-8"?>
<!-- Generated by org.testng.reporters.JUnitXMLReporter -->
<testsuite ignored="0" hostname="Sasidharans-MacBook-Pro.local" failures="0" tests="1" name="Test" time="3.109" errors="0" timestamp="2024-03-21T09:36:43 IST">
  <testcase classname="testBase.BaseClass" name="@BeforeClass setup" time="3.009">
    <failure type="java.lang.NullPointerException">
      <![CDATA[java.lang.NullPointerException
at java.base/java.util.Objects.requireNonNull(Objects.java:209)
at java.base/java.util.ImmutableCollections$Map1.<init>(ImmutableCollections.java:1105)
at java.base/java.util.Map.of(Map.java:1353)
at org.openqa.selenium.remote.DriverCommand.GET(DriverCommand.java:180)
at org.openqa.selenium.remote.RemoteWebDriver.get(RemoteWebDriver.java:301)
at testBase.BaseClass.setup(BaseClass.java:90)
at java.base/java.util.ArrayList.forEach(ArrayList.java:1511)
... Removed 25 stack frames]]>
    </failure>
  </testcase> <!-- @BeforeClass setup -->
  <testcase classname="testBase.BaseClass" name="@AfterClass teardown" time="0.0">
    <skipped/>
  </testcase> <!-- @AfterClass teardown -->
  <testcase classname="testCases.Tc_001_AccountRegistrationTest" name="test_account_registration" time="0.0">
    <skipped/>
  </testcase> <!-- test_account_registration -->
</testsuite> <!-- Test -->
