<?xml version="1.0" encoding="UTF-8"?>
<testsuite xmlns:xsi="http://www.w3.org/2001/XMLSchema-instance" xsi:noNamespaceSchemaLocation="https://maven.apache.org/surefire/maven-surefire-plugin/xsd/surefire-test-report-3.0.xsd" version="3.0" name="TestSuite" time="4.881" tests="2" errors="0" skipped="0" failures="0">
  <properties>
[...]
</properties>
  <testcase name="test_account_registration" classname="testCases.Tc_001_AccountRegistrationTest" time="0.615">
    <system-out><![CDATA[06:55:57.625 [main] INFO  testCases.Tc_001_AccountRegistrationTest - ****   Starting Tc_001_AccountRegistrationTest  ****
06:55:57.628 [main] DEBUG testCases.Tc_001_AccountRegistrationTest - Application Logs....
06:55:57.662 [main] INFO  testCases.Tc_001_AccountRegistrationTest - Clicked on MyAccount link
06:55:57.830 [main] INFO  testCases.Tc_001_AccountRegistrationTest - Clicked on register link
06:55:57.831 [main] INFO  testCases.Tc_001_AccountRegistrationTest - Entering customer information
06:55:57.983 [main] INFO  testCases.Tc_001_AccountRegistrationTest - Clicked Continue button
06:55:58.230 [main] INFO  testCases.Tc_001_AccountRegistrationTest - Validating confirmaion msg
06:55:58.230 [main] INFO  testCases.Tc_001_AccountRegistrationTest - Test Passsed
06:55:58.231 [main] INFO  testCases.Tc_001_AccountRegistrationTest - ****   Finished Tc_001_AccountRegistrationTest  ****
]]></system-out>
    <system-err><![CDATA[SLF4J: Failed to load class "org.slf4j.impl.StaticLoggerBinder".
SLF4J: Defaulting to no-operation (NOP) logger implementation
SLF4J: See http://www.slf4j.org/codes.html#StaticLoggerBinder for further details.
]]></system-err>
  </testcase>
  <testcase name="verify_LoginTest" classname="testCases.Tc_002_LoginTest" time="0.518">
    <system-out><![CDATA[06:55:59.545 [main] INFO  testCases.Tc_002_LoginTest - *** Starting LoginTest***
06:55:59.577 [main] INFO  testCases.Tc_002_LoginTest - Clicked myaccount link from Homepage
06:55:59.707 [main] INFO  testCases.Tc_002_LoginTest - Clicked login link  from Homepage
06:55:59.788 [main] INFO  testCases.Tc_002_LoginTest - Entered login details
06:55:59.810 [main] INFO  testCases.Tc_002_LoginTest - clicked login button
06:55:59.971 [main] INFO  testCases.Tc_002_LoginTest - $$$LOGIN IS SUCCESSFULL$$$
06:56:00.062 [main] INFO  testCases.Tc_002_LoginTest - Clicked logout
06:56:00.062 [main] INFO  testCases.Tc_002_LoginTest - *** Finished LoginTest***
]]></system-out>
  </testcase>
</testsuite>