<?xml version="1.0" encoding="UTF-8"?>
<testng-results ignored="0" total="2" passed="2" failed="0" skipped="0">
  <reporter-output>
  </reporter-output>
  <suite started-at="2024-03-12T09:13:43 IST" name="Suite" finished-at="2024-03-12T09:13:48 IST" duration-ms="4526">
    <groups>
      <group name="regression">
        <method signature="Tc_001_AccountRegistrationTest.test_account_registration()[pri:0, instance:testCases.Tc_001_AccountRegistrationTest@6e6f2380]" name="test_account_registration" class="testCases.Tc_001_AccountRegistrationTest"/>
      </group> <!-- regression -->
      <group name="sanity">
        <method signature="Tc_002_LoginTest.verify_LoginTest()[pri:0, instance:testCases.Tc_002_LoginTest@7d0b7e3c]" name="verify_LoginTest" class="testCases.Tc_002_LoginTest"/>
      </group> <!-- sanity -->
      <group name="master">
        <method signature="Tc_001_AccountRegistrationTest.test_account_registration()[pri:0, instance:testCases.Tc_001_AccountRegistrationTest@6e6f2380]" name="test_account_registration" class="testCases.Tc_001_AccountRegistrationTest"/>
        <method signature="Tc_002_LoginTest.verify_LoginTest()[pri:0, instance:testCases.Tc_002_LoginTest@7d0b7e3c]" name="verify_LoginTest" class="testCases.Tc_002_LoginTest"/>
      </group> <!-- master -->
    </groups>
    <test started-at="2024-03-12T09:13:43 IST" name="Test" finished-at="2024-03-12T09:13:48 IST" duration-ms="4526">
      <class name="testCases.Tc_001_AccountRegistrationTest">
        <test-method is-config="true" signature="setup(java.lang.String,java.lang.String)[pri:0, instance:testCases.Tc_001_AccountRegistrationTest@6e6f2380]" started-at="2024-03-12T09:13:43 IST" name="setup" finished-at="2024-03-12T09:13:45 IST" duration-ms="1558" status="PASS">
          <params>
            <param index="0">
              <value>
                <![CDATA[mac]]>
              </value>
            </param>
            <param index="1">
              <value>
                <![CDATA[chrome]]>
              </value>
            </param>
          </params>
          <reporter-output>
          </reporter-output>
        </test-method> <!-- setup -->
        <test-method signature="test_account_registration()[pri:0, instance:testCases.Tc_001_AccountRegistrationTest@6e6f2380]" started-at="2024-03-12T09:13:45 IST" name="test_account_registration" finished-at="2024-03-12T09:13:46 IST" duration-ms="768" status="PASS">
          <reporter-output>
          </reporter-output>
        </test-method> <!-- test_account_registration -->
        <test-method is-config="true" signature="teardown()[pri:0, instance:testCases.Tc_001_AccountRegistrationTest@6e6f2380]" started-at="2024-03-12T09:13:46 IST" name="teardown" finished-at="2024-03-12T09:13:46 IST" duration-ms="99" status="PASS">
          <reporter-output>
          </reporter-output>
        </test-method> <!-- teardown -->
      </class> <!-- testCases.Tc_001_AccountRegistrationTest -->
      <class name="testCases.Tc_002_LoginTest">
        <test-method is-config="true" signature="setup(java.lang.String,java.lang.String)[pri:0, instance:testCases.Tc_002_LoginTest@7d0b7e3c]" started-at="2024-03-12T09:13:46 IST" name="setup" finished-at="2024-03-12T09:13:47 IST" duration-ms="1284" status="PASS">
          <params>
            <param index="0">
              <value>
                <![CDATA[mac]]>
              </value>
            </param>
            <param index="1">
              <value>
                <![CDATA[chrome]]>
              </value>
            </param>
          </params>
          <reporter-output>
          </reporter-output>
        </test-method> <!-- setup -->
        <test-method signature="verify_LoginTest()[pri:0, instance:testCases.Tc_002_LoginTest@7d0b7e3c]" started-at="2024-03-12T09:13:47 IST" name="verify_LoginTest" finished-at="2024-03-12T09:13:48 IST" duration-ms="598" status="PASS">
          <reporter-output>
          </reporter-output>
        </test-method> <!-- verify_LoginTest -->
        <test-method is-config="true" signature="teardown()[pri:0, instance:testCases.Tc_002_LoginTest@7d0b7e3c]" started-at="2024-03-12T09:13:48 IST" name="teardown" finished-at="2024-03-12T09:13:48 IST" duration-ms="90" status="PASS">
          <reporter-output>
          </reporter-output>
        </test-method> <!-- teardown -->
      </class> <!-- testCases.Tc_002_LoginTest -->
    </test> <!-- Test -->
  </suite> <!-- Suite -->
</testng-results>
